<?xml version="1.0" encoding="UTF-8"?>
<!-- Generated by org.testng.reporters.JUnitReportReporter -->
<testsuite skipped="0" hostname="DESKTOP-A1D8ILL" name="com.qa.orangeHRM.testcases.AddEmpTest" tests="9" failures="0" timestamp="2021-05-04T09:48:21 IST" time="292.246" errors="0">
  <testcase name="AddEmp_DataProvider" time="31.994" classname="com.qa.orangeHRM.testcases.AddEmpTest"/>
  <system-out/>
  <testcase name="AddEmp_DataProvider" time="35.772" classname="com.qa.orangeHRM.testcases.AddEmpTest"/>
  <system-out/>
  <testcase name="AddEmp_DataProvider" time="31.992" classname="com.qa.orangeHRM.testcases.AddEmpTest"/>
  <system-out/>
  <testcase name="AddEmp_DataProvider" time="33.157" classname="com.qa.orangeHRM.testcases.AddEmpTest"/>
  <system-out/>
  <testcase name="AddEmp_DataProvider" time="33.111" classname="com.qa.orangeHRM.testcases.AddEmpTest"/>
  <system-out/>
  <testcase name="AddEmp_DataProvider" time="30.572" classname="com.qa.orangeHRM.testcases.AddEmpTest"/>
  <system-out/>
  <testcase name="AddEmp_DataProvider" time="32.394" classname="com.qa.orangeHRM.testcases.AddEmpTest"/>
  <system-out/>
  <testcase name="AddEmp_DataProvider" time="30.964" classname="com.qa.orangeHRM.testcases.AddEmpTest"/>
  <system-out/>
  <testcase name="AddEmp_DataProvider" time="32.290" classname="com.qa.orangeHRM.testcases.AddEmpTest"/>
  <system-out/>
</testsuite> <!-- com.qa.orangeHRM.testcases.AddEmpTest -->
