<?xml version="1.0" encoding="UTF-8"?>
<!-- Generated by org.testng.reporters.JUnitReportReporter -->
<testsuite skipped="0" hostname="DESKTOP-A1D8ILL" name="com.qa.orangeHRM.testcases.EmpRptTest" tests="1" failures="0" timestamp="2021-04-27T16:38:42 IST" time="39.520" errors="0">
  <testcase name="VerifyEmpRpt" time="39.520" classname="com.qa.orangeHRM.testcases.EmpRptTest"/>
  <system-out/>
</testsuite> <!-- com.qa.orangeHRM.testcases.EmpRptTest -->
