<?xml version="1.0" encoding="UTF-8"?>
<!-- Generated by org.testng.reporters.JUnitReportReporter -->
<testsuite skipped="0" hostname="DESKTOP-A1D8ILL" name="com.qa.orangeHRM.testcases.EmpFileUpload" tests="1" failures="0" timestamp="2021-04-19T17:05:34 IST" time="34.694" errors="0">
  <testcase name="EmpFileUpload" time="34.694" classname="com.qa.orangeHRM.testcases.EmpFileUpload"/>
  <system-out/>
</testsuite> <!-- com.qa.orangeHRM.testcases.EmpFileUpload -->
