<?xml version="1.0" encoding="UTF-8"?>
<!-- Generated by org.testng.reporters.JUnitReportReporter -->
<testsuite skipped="0" hostname="DESKTOP-A1D8ILL" name="com.qa.orangeHRM.testcases.EmpRptTest" tests="1" failures="0" timestamp="2021-04-23T10:00:57 IST" time="40.823" errors="0">
  <testcase name="VerifyEmpRpt" time="40.823" classname="com.qa.orangeHRM.testcases.EmpRptTest"/>
  <system-out/>
</testsuite> <!-- com.qa.orangeHRM.testcases.EmpRptTest -->
