<?xml version="1.0" encoding="UTF-8"?>
<!-- Generated by org.testng.reporters.JUnitReportReporter -->
<testsuite skipped="0" hostname="DESKTOP-A1D8ILL" name="com.qa.orangeHRM.testcases.AddEmpTest" tests="9" failures="0" timestamp="2021-04-28T18:08:17 IST" time="389.898" errors="0">
  <testcase name="AddEmp_DataProvider" time="46.798" classname="com.qa.orangeHRM.testcases.AddEmpTest"/>
  <system-out/>
  <testcase name="AddEmp_DataProvider" time="51.561" classname="com.qa.orangeHRM.testcases.AddEmpTest"/>
  <system-out/>
  <testcase name="AddEmp_DataProvider" time="38.025" classname="com.qa.orangeHRM.testcases.AddEmpTest"/>
  <system-out/>
  <testcase name="AddEmp_DataProvider" time="37.604" classname="com.qa.orangeHRM.testcases.AddEmpTest"/>
  <system-out/>
  <testcase name="AddEmp_DataProvider" time="38.032" classname="com.qa.orangeHRM.testcases.AddEmpTest"/>
  <system-out/>
  <testcase name="AddEmp_DataProvider" time="38.244" classname="com.qa.orangeHRM.testcases.AddEmpTest"/>
  <system-out/>
  <testcase name="AddEmp_DataProvider" time="46.516" classname="com.qa.orangeHRM.testcases.AddEmpTest"/>
  <system-out/>
  <testcase name="AddEmp_DataProvider" time="44.148" classname="com.qa.orangeHRM.testcases.AddEmpTest"/>
  <system-out/>
  <testcase name="AddEmp_DataProvider" time="48.970" classname="com.qa.orangeHRM.testcases.AddEmpTest"/>
  <system-out/>
</testsuite> <!-- com.qa.orangeHRM.testcases.AddEmpTest -->
